Determining if the include file io.h exists failed with the following output:
Change Dir: /home/souranil/Source-Code/Final_Year_Project/Codebase/Android_application/.buildozer/android/platform/build-arm64-v8a_armeabi-v7a/build/other_builds/opencv/arm64-v8a__ndk_target_21/opencv/build/CMakeFiles/CMakeTmp

Run Build Command(s):/usr/bin/gmake -f Makefile cmTC_ddc8f/fast && make -j16  -f CMakeFiles/cmTC_ddc8f.dir/build.make CMakeFiles/cmTC_ddc8f.dir/build
make[1]: Entering directory '/home/souranil/Source-Code/Final_Year_Project/Codebase/Android_application/.buildozer/android/platform/build-arm64-v8a_armeabi-v7a/build/other_builds/opencv/arm64-v8a__ndk_target_21/opencv/build/CMakeFiles/CMakeTmp'
Building C object CMakeFiles/cmTC_ddc8f.dir/CheckIncludeFile.c.o
/home/souranil/.buildozer/android/platform/android-ndk-r25b/toolchains/llvm/prebuilt/linux-x86_64/bin/clang --target=aarch64-none-linux-android21 --sysroot=/home/souranil/.buildozer/android/platform/android-ndk-r25b/toolchains/llvm/prebuilt/linux-x86_64/sysroot   -g -DANDROID -fdata-sections -ffunction-sections -funwind-tables -fstack-protector-strong -no-canonical-prefixes -D_FORTIFY_SOURCE=2 -Wformat -Werror=format-security    -fsigned-char -W -Wall -Werror=return-type -Werror=non-virtual-dtor -Werror=address -Werror=sequence-point -Wformat -Werror=format-security -Wmissing-declarations -Wmissing-prototypes -Wstrict-prototypes -Wundef -Winit-self -Wpointer-arith -Wshadow -Wsign-promo -Wuninitialized -Winconsistent-missing-override -Wno-delete-non-virtual-dtor -Wno-unnamed-type-template-args -Wno-comment -Wno-deprecated-enum-enum-conversion -Wno-deprecated-anon-enum-enum-conversion -fdiagnostics-show-option -Qunused-arguments -ffunction-sections -fdata-sections    -fvisibility=hidden -fvisibility-inlines-hidden  -O3 -DNDEBUG   -DNDEBUG -fPIE -MD -MT CMakeFiles/cmTC_ddc8f.dir/CheckIncludeFile.c.o -MF CMakeFiles/cmTC_ddc8f.dir/CheckIncludeFile.c.o.d -o CMakeFiles/cmTC_ddc8f.dir/CheckIncludeFile.c.o -c /home/souranil/Source-Code/Final_Year_Project/Codebase/Android_application/.buildozer/android/platform/build-arm64-v8a_armeabi-v7a/build/other_builds/opencv/arm64-v8a__ndk_target_21/opencv/build/CMakeFiles/CMakeTmp/CheckIncludeFile.c
/home/souranil/Source-Code/Final_Year_Project/Codebase/Android_application/.buildozer/android/platform/build-arm64-v8a_armeabi-v7a/build/other_builds/opencv/arm64-v8a__ndk_target_21/opencv/build/CMakeFiles/CMakeTmp/CheckIncludeFile.c:1:10: fatal error: 'io.h' file not found
#include <io.h>
         ^~~~~~
1 error generated.
make[1]: *** [CMakeFiles/cmTC_ddc8f.dir/build.make:79: CMakeFiles/cmTC_ddc8f.dir/CheckIncludeFile.c.o] Error 1
make[1]: Leaving directory '/home/souranil/Source-Code/Final_Year_Project/Codebase/Android_application/.buildozer/android/platform/build-arm64-v8a_armeabi-v7a/build/other_builds/opencv/arm64-v8a__ndk_target_21/opencv/build/CMakeFiles/CMakeTmp'
gmake: *** [Makefile:127: cmTC_ddc8f/fast] Error 2



Determining size of INT8 failed with the following output:
Change Dir: /home/souranil/Source-Code/Final_Year_Project/Codebase/Android_application/.buildozer/android/platform/build-arm64-v8a_armeabi-v7a/build/other_builds/opencv/arm64-v8a__ndk_target_21/opencv/build/CMakeFiles/CMakeTmp

Run Build Command(s):/usr/bin/gmake -f Makefile cmTC_9056d/fast && make -j16  -f CMakeFiles/cmTC_9056d.dir/build.make CMakeFiles/cmTC_9056d.dir/build
make[1]: Entering directory '/home/souranil/Source-Code/Final_Year_Project/Codebase/Android_application/.buildozer/android/platform/build-arm64-v8a_armeabi-v7a/build/other_builds/opencv/arm64-v8a__ndk_target_21/opencv/build/CMakeFiles/CMakeTmp'
Building C object CMakeFiles/cmTC_9056d.dir/int8.c.o
/home/souranil/.buildozer/android/platform/android-ndk-r25b/toolchains/llvm/prebuilt/linux-x86_64/bin/clang --target=aarch64-none-linux-android21 --sysroot=/home/souranil/.buildozer/android/platform/android-ndk-r25b/toolchains/llvm/prebuilt/linux-x86_64/sysroot   -g -DANDROID -fdata-sections -ffunction-sections -funwind-tables -fstack-protector-strong -no-canonical-prefixes -D_FORTIFY_SOURCE=2 -Wformat -Werror=format-security    -fsigned-char -W -Wall -Werror=return-type -Werror=non-virtual-dtor -Werror=address -Werror=sequence-point -Wformat -Werror=format-security -Wmissing-declarations -Wmissing-prototypes -Wstrict-prototypes -Wundef -Winit-self -Wpointer-arith -Wshadow -Wsign-promo -Wuninitialized -Winconsistent-missing-override -Wno-delete-non-virtual-dtor -Wno-unnamed-type-template-args -Wno-comment -Wno-deprecated-enum-enum-conversion -Wno-deprecated-anon-enum-enum-conversion -fdiagnostics-show-option -Qunused-arguments -ffunction-sections -fdata-sections    -fvisibility=hidden -fvisibility-inlines-hidden  -O3 -DNDEBUG   -DNDEBUG -fPIE -MD -MT CMakeFiles/cmTC_9056d.dir/int8.c.o -MF CMakeFiles/cmTC_9056d.dir/int8.c.o.d -o CMakeFiles/cmTC_9056d.dir/int8.c.o -c /home/souranil/Source-Code/Final_Year_Project/Codebase/Android_application/.buildozer/android/platform/build-arm64-v8a_armeabi-v7a/build/other_builds/opencv/arm64-v8a__ndk_target_21/opencv/build/CMakeFiles/CheckTypeSize/int8.c
/home/souranil/Source-Code/Final_Year_Project/Codebase/Android_application/.buildozer/android/platform/build-arm64-v8a_armeabi-v7a/build/other_builds/opencv/arm64-v8a__ndk_target_21/opencv/build/CMakeFiles/CheckTypeSize/int8.c:29:12: error: use of undeclared identifier 'INT8'
  ('0' + ((SIZE / 10000)%10)),
           ^
/home/souranil/Source-Code/Final_Year_Project/Codebase/Android_application/.buildozer/android/platform/build-arm64-v8a_armeabi-v7a/build/other_builds/opencv/arm64-v8a__ndk_target_21/opencv/build/CMakeFiles/CheckTypeSize/int8.c:27:22: note: expanded from macro 'SIZE'
#define SIZE (sizeof(INT8))
                     ^
/home/souranil/Source-Code/Final_Year_Project/Codebase/Android_application/.buildozer/android/platform/build-arm64-v8a_armeabi-v7a/build/other_builds/opencv/arm64-v8a__ndk_target_21/opencv/build/CMakeFiles/CheckTypeSize/int8.c:30:12: error: use of undeclared identifier 'INT8'
  ('0' + ((SIZE / 1000)%10)),
           ^
/home/souranil/Source-Code/Final_Year_Project/Codebase/Android_application/.buildozer/android/platform/build-arm64-v8a_armeabi-v7a/build/other_builds/opencv/arm64-v8a__ndk_target_21/opencv/build/CMakeFiles/CheckTypeSize/int8.c:27:22: note: expanded from macro 'SIZE'
#define SIZE (sizeof(INT8))
                     ^
/home/souranil/Source-Code/Final_Year_Project/Codebase/Android_application/.buildozer/android/platform/build-arm64-v8a_armeabi-v7a/build/other_builds/opencv/arm64-v8a__ndk_target_21/opencv/build/CMakeFiles/CheckTypeSize/int8.c:31:12: error: use of undeclared identifier 'INT8'
  ('0' + ((SIZE / 100)%10)),
           ^
/home/souranil/Source-Code/Final_Year_Project/Codebase/Android_application/.buildozer/android/platform/build-arm64-v8a_armeabi-v7a/build/other_builds/opencv/arm64-v8a__ndk_target_21/opencv/build/CMakeFiles/CheckTypeSize/int8.c:27:22: note: expanded from macro 'SIZE'
#define SIZE (sizeof(INT8))
                     ^
/home/souranil/Source-Code/Final_Year_Project/Codebase/Android_application/.buildozer/android/platform/build-arm64-v8a_armeabi-v7a/build/other_builds/opencv/arm64-v8a__ndk_target_21/opencv/build/CMakeFiles/CheckTypeSize/int8.c:32:12: error: use of undeclared identifier 'INT8'
  ('0' + ((SIZE / 10)%10)),
           ^
/home/souranil/Source-Code/Final_Year_Project/Codebase/Android_application/.buildozer/android/platform/build-arm64-v8a_armeabi-v7a/build/other_builds/opencv/arm64-v8a__ndk_target_21/opencv/build/CMakeFiles/CheckTypeSize/int8.c:27:22: note: expanded from macro 'SIZE'
#define SIZE (sizeof(INT8))
                     ^
/home/souranil/Source-Code/Final_Year_Project/Codebase/Android_application/.buildozer/android/platform/build-arm64-v8a_armeabi-v7a/build/other_builds/opencv/arm64-v8a__ndk_target_21/opencv/build/CMakeFiles/CheckTypeSize/int8.c:33:12: error: use of undeclared identifier 'INT8'
  ('0' +  (SIZE    % 10)),
           ^
/home/souranil/Source-Code/Final_Year_Project/Codebase/Android_application/.buildozer/android/platform/build-arm64-v8a_armeabi-v7a/build/other_builds/opencv/arm64-v8a__ndk_target_21/opencv/build/CMakeFiles/CheckTypeSize/int8.c:27:22: note: expanded from macro 'SIZE'
#define SIZE (sizeof(INT8))
                     ^
5 errors generated.
make[1]: *** [CMakeFiles/cmTC_9056d.dir/build.make:79: CMakeFiles/cmTC_9056d.dir/int8.c.o] Error 1
make[1]: Leaving directory '/home/souranil/Source-Code/Final_Year_Project/Codebase/Android_application/.buildozer/android/platform/build-arm64-v8a_armeabi-v7a/build/other_builds/opencv/arm64-v8a__ndk_target_21/opencv/build/CMakeFiles/CMakeTmp'
gmake: *** [Makefile:127: cmTC_9056d/fast] Error 2


/home/souranil/Source-Code/Final_Year_Project/Codebase/Android_application/.buildozer/android/platform/build-arm64-v8a_armeabi-v7a/build/other_builds/opencv/arm64-v8a__ndk_target_21/opencv/build/CMakeFiles/CheckTypeSize/int8.c:
#include <sys/types.h>
#include <stdint.h>
#include <stddef.h>


#undef KEY
#if defined(__i386)
# define KEY '_','_','i','3','8','6'
#elif defined(__x86_64)
# define KEY '_','_','x','8','6','_','6','4'
#elif defined(__PPC64__)
# define KEY '_','_','P','P','C','6','4','_','_'
#elif defined(__ppc64__)
# define KEY '_','_','p','p','c','6','4','_','_'
#elif defined(__PPC__)
# define KEY '_','_','P','P','C','_','_'
#elif defined(__ppc__)
# define KEY '_','_','p','p','c','_','_'
#elif defined(__aarch64__)
# define KEY '_','_','a','a','r','c','h','6','4','_','_'
#elif defined(__ARM_ARCH_7A__)
# define KEY '_','_','A','R','M','_','A','R','C','H','_','7','A','_','_'
#elif defined(__ARM_ARCH_7S__)
# define KEY '_','_','A','R','M','_','A','R','C','H','_','7','S','_','_'
#endif

#define SIZE (sizeof(INT8))
static char info_size[] =  {'I', 'N', 'F', 'O', ':', 's','i','z','e','[',
  ('0' + ((SIZE / 10000)%10)),
  ('0' + ((SIZE / 1000)%10)),
  ('0' + ((SIZE / 100)%10)),
  ('0' + ((SIZE / 10)%10)),
  ('0' +  (SIZE    % 10)),
  ']',
#ifdef KEY
  ' ','k','e','y','[', KEY, ']',
#endif
  '\0'};

#ifdef __CLASSIC_C__
int main(argc, argv) int argc; char *argv[];
#else
int main(int argc, char *argv[])
#endif
{
  int require = 0;
  require += info_size[argc];
  (void)argv;
  return require;
}


Determining size of INT16 failed with the following output:
Change Dir: /home/souranil/Source-Code/Final_Year_Project/Codebase/Android_application/.buildozer/android/platform/build-arm64-v8a_armeabi-v7a/build/other_builds/opencv/arm64-v8a__ndk_target_21/opencv/build/CMakeFiles/CMakeTmp

Run Build Command(s):/usr/bin/gmake -f Makefile cmTC_04165/fast && make -j16  -f CMakeFiles/cmTC_04165.dir/build.make CMakeFiles/cmTC_04165.dir/build
make[1]: Entering directory '/home/souranil/Source-Code/Final_Year_Project/Codebase/Android_application/.buildozer/android/platform/build-arm64-v8a_armeabi-v7a/build/other_builds/opencv/arm64-v8a__ndk_target_21/opencv/build/CMakeFiles/CMakeTmp'
Building C object CMakeFiles/cmTC_04165.dir/int16.c.o
/home/souranil/.buildozer/android/platform/android-ndk-r25b/toolchains/llvm/prebuilt/linux-x86_64/bin/clang --target=aarch64-none-linux-android21 --sysroot=/home/souranil/.buildozer/android/platform/android-ndk-r25b/toolchains/llvm/prebuilt/linux-x86_64/sysroot   -g -DANDROID -fdata-sections -ffunction-sections -funwind-tables -fstack-protector-strong -no-canonical-prefixes -D_FORTIFY_SOURCE=2 -Wformat -Werror=format-security    -fsigned-char -W -Wall -Werror=return-type -Werror=non-virtual-dtor -Werror=address -Werror=sequence-point -Wformat -Werror=format-security -Wmissing-declarations -Wmissing-prototypes -Wstrict-prototypes -Wundef -Winit-self -Wpointer-arith -Wshadow -Wsign-promo -Wuninitialized -Winconsistent-missing-override -Wno-delete-non-virtual-dtor -Wno-unnamed-type-template-args -Wno-comment -Wno-deprecated-enum-enum-conversion -Wno-deprecated-anon-enum-enum-conversion -fdiagnostics-show-option -Qunused-arguments -ffunction-sections -fdata-sections    -fvisibility=hidden -fvisibility-inlines-hidden  -O3 -DNDEBUG   -DNDEBUG -fPIE -MD -MT CMakeFiles/cmTC_04165.dir/int16.c.o -MF CMakeFiles/cmTC_04165.dir/int16.c.o.d -o CMakeFiles/cmTC_04165.dir/int16.c.o -c /home/souranil/Source-Code/Final_Year_Project/Codebase/Android_application/.buildozer/android/platform/build-arm64-v8a_armeabi-v7a/build/other_builds/opencv/arm64-v8a__ndk_target_21/opencv/build/CMakeFiles/CheckTypeSize/int16.c
/home/souranil/Source-Code/Final_Year_Project/Codebase/Android_application/.buildozer/android/platform/build-arm64-v8a_armeabi-v7a/build/other_builds/opencv/arm64-v8a__ndk_target_21/opencv/build/CMakeFiles/CheckTypeSize/int16.c:29:12: error: use of undeclared identifier 'INT16'
  ('0' + ((SIZE / 10000)%10)),
           ^
/home/souranil/Source-Code/Final_Year_Project/Codebase/Android_application/.buildozer/android/platform/build-arm64-v8a_armeabi-v7a/build/other_builds/opencv/arm64-v8a__ndk_target_21/opencv/build/CMakeFiles/CheckTypeSize/int16.c:27:22: note: expanded from macro 'SIZE'
#define SIZE (sizeof(INT16))
                     ^
/home/souranil/Source-Code/Final_Year_Project/Codebase/Android_application/.buildozer/android/platform/build-arm64-v8a_armeabi-v7a/build/other_builds/opencv/arm64-v8a__ndk_target_21/opencv/build/CMakeFiles/CheckTypeSize/int16.c:30:12: error: use of undeclared identifier 'INT16'
  ('0' + ((SIZE / 1000)%10)),
           ^
/home/souranil/Source-Code/Final_Year_Project/Codebase/Android_application/.buildozer/android/platform/build-arm64-v8a_armeabi-v7a/build/other_builds/opencv/arm64-v8a__ndk_target_21/opencv/build/CMakeFiles/CheckTypeSize/int16.c:27:22: note: expanded from macro 'SIZE'
#define SIZE (sizeof(INT16))
                     ^
/home/souranil/Source-Code/Final_Year_Project/Codebase/Android_application/.buildozer/android/platform/build-arm64-v8a_armeabi-v7a/build/other_builds/opencv/arm64-v8a__ndk_target_21/opencv/build/CMakeFiles/CheckTypeSize/int16.c:31:12: error: use of undeclared identifier 'INT16'
  ('0' + ((SIZE / 100)%10)),
           ^
/home/souranil/Source-Code/Final_Year_Project/Codebase/Android_application/.buildozer/android/platform/build-arm64-v8a_armeabi-v7a/build/other_builds/opencv/arm64-v8a__ndk_target_21/opencv/build/CMakeFiles/CheckTypeSize/int16.c:27:22: note: expanded from macro 'SIZE'
#define SIZE (sizeof(INT16))
                     ^
/home/souranil/Source-Code/Final_Year_Project/Codebase/Android_application/.buildozer/android/platform/build-arm64-v8a_armeabi-v7a/build/other_builds/opencv/arm64-v8a__ndk_target_21/opencv/build/CMakeFiles/CheckTypeSize/int16.c:32:12: error: use of undeclared identifier 'INT16'
  ('0' + ((SIZE / 10)%10)),
           ^
/home/souranil/Source-Code/Final_Year_Project/Codebase/Android_application/.buildozer/android/platform/build-arm64-v8a_armeabi-v7a/build/other_builds/opencv/arm64-v8a__ndk_target_21/opencv/build/CMakeFiles/CheckTypeSize/int16.c:27:22: note: expanded from macro 'SIZE'
#define SIZE (sizeof(INT16))
                     ^
/home/souranil/Source-Code/Final_Year_Project/Codebase/Android_application/.buildozer/android/platform/build-arm64-v8a_armeabi-v7a/build/other_builds/opencv/arm64-v8a__ndk_target_21/opencv/build/CMakeFiles/CheckTypeSize/int16.c:33:12: error: use of undeclared identifier 'INT16'
  ('0' +  (SIZE    % 10)),
           ^
/home/souranil/Source-Code/Final_Year_Project/Codebase/Android_application/.buildozer/android/platform/build-arm64-v8a_armeabi-v7a/build/other_builds/opencv/arm64-v8a__ndk_target_21/opencv/build/CMakeFiles/CheckTypeSize/int16.c:27:22: note: expanded from macro 'SIZE'
#define SIZE (sizeof(INT16))
                     ^
5 errors generated.
make[1]: *** [CMakeFiles/cmTC_04165.dir/build.make:79: CMakeFiles/cmTC_04165.dir/int16.c.o] Error 1
make[1]: Leaving directory '/home/souranil/Source-Code/Final_Year_Project/Codebase/Android_application/.buildozer/android/platform/build-arm64-v8a_armeabi-v7a/build/other_builds/opencv/arm64-v8a__ndk_target_21/opencv/build/CMakeFiles/CMakeTmp'
gmake: *** [Makefile:127: cmTC_04165/fast] Error 2


/home/souranil/Source-Code/Final_Year_Project/Codebase/Android_application/.buildozer/android/platform/build-arm64-v8a_armeabi-v7a/build/other_builds/opencv/arm64-v8a__ndk_target_21/opencv/build/CMakeFiles/CheckTypeSize/int16.c:
#include <sys/types.h>
#include <stdint.h>
#include <stddef.h>


#undef KEY
#if defined(__i386)
# define KEY '_','_','i','3','8','6'
#elif defined(__x86_64)
# define KEY '_','_','x','8','6','_','6','4'
#elif defined(__PPC64__)
# define KEY '_','_','P','P','C','6','4','_','_'
#elif defined(__ppc64__)
# define KEY '_','_','p','p','c','6','4','_','_'
#elif defined(__PPC__)
# define KEY '_','_','P','P','C','_','_'
#elif defined(__ppc__)
# define KEY '_','_','p','p','c','_','_'
#elif defined(__aarch64__)
# define KEY '_','_','a','a','r','c','h','6','4','_','_'
#elif defined(__ARM_ARCH_7A__)
# define KEY '_','_','A','R','M','_','A','R','C','H','_','7','A','_','_'
#elif defined(__ARM_ARCH_7S__)
# define KEY '_','_','A','R','M','_','A','R','C','H','_','7','S','_','_'
#endif

#define SIZE (sizeof(INT16))
static char info_size[] =  {'I', 'N', 'F', 'O', ':', 's','i','z','e','[',
  ('0' + ((SIZE / 10000)%10)),
  ('0' + ((SIZE / 1000)%10)),
  ('0' + ((SIZE / 100)%10)),
  ('0' + ((SIZE / 10)%10)),
  ('0' +  (SIZE    % 10)),
  ']',
#ifdef KEY
  ' ','k','e','y','[', KEY, ']',
#endif
  '\0'};

#ifdef __CLASSIC_C__
int main(argc, argv) int argc; char *argv[];
#else
int main(int argc, char *argv[])
#endif
{
  int require = 0;
  require += info_size[argc];
  (void)argv;
  return require;
}


Determining size of INT32 failed with the following output:
Change Dir: /home/souranil/Source-Code/Final_Year_Project/Codebase/Android_application/.buildozer/android/platform/build-arm64-v8a_armeabi-v7a/build/other_builds/opencv/arm64-v8a__ndk_target_21/opencv/build/CMakeFiles/CMakeTmp

Run Build Command(s):/usr/bin/gmake -f Makefile cmTC_40b2c/fast && make -j16  -f CMakeFiles/cmTC_40b2c.dir/build.make CMakeFiles/cmTC_40b2c.dir/build
make[1]: Entering directory '/home/souranil/Source-Code/Final_Year_Project/Codebase/Android_application/.buildozer/android/platform/build-arm64-v8a_armeabi-v7a/build/other_builds/opencv/arm64-v8a__ndk_target_21/opencv/build/CMakeFiles/CMakeTmp'
Building C object CMakeFiles/cmTC_40b2c.dir/int32.c.o
/home/souranil/.buildozer/android/platform/android-ndk-r25b/toolchains/llvm/prebuilt/linux-x86_64/bin/clang --target=aarch64-none-linux-android21 --sysroot=/home/souranil/.buildozer/android/platform/android-ndk-r25b/toolchains/llvm/prebuilt/linux-x86_64/sysroot   -g -DANDROID -fdata-sections -ffunction-sections -funwind-tables -fstack-protector-strong -no-canonical-prefixes -D_FORTIFY_SOURCE=2 -Wformat -Werror=format-security    -fsigned-char -W -Wall -Werror=return-type -Werror=non-virtual-dtor -Werror=address -Werror=sequence-point -Wformat -Werror=format-security -Wmissing-declarations -Wmissing-prototypes -Wstrict-prototypes -Wundef -Winit-self -Wpointer-arith -Wshadow -Wsign-promo -Wuninitialized -Winconsistent-missing-override -Wno-delete-non-virtual-dtor -Wno-unnamed-type-template-args -Wno-comment -Wno-deprecated-enum-enum-conversion -Wno-deprecated-anon-enum-enum-conversion -fdiagnostics-show-option -Qunused-arguments -ffunction-sections -fdata-sections    -fvisibility=hidden -fvisibility-inlines-hidden  -O3 -DNDEBUG   -DNDEBUG -fPIE -MD -MT CMakeFiles/cmTC_40b2c.dir/int32.c.o -MF CMakeFiles/cmTC_40b2c.dir/int32.c.o.d -o CMakeFiles/cmTC_40b2c.dir/int32.c.o -c /home/souranil/Source-Code/Final_Year_Project/Codebase/Android_application/.buildozer/android/platform/build-arm64-v8a_armeabi-v7a/build/other_builds/opencv/arm64-v8a__ndk_target_21/opencv/build/CMakeFiles/CheckTypeSize/int32.c
/home/souranil/Source-Code/Final_Year_Project/Codebase/Android_application/.buildozer/android/platform/build-arm64-v8a_armeabi-v7a/build/other_builds/opencv/arm64-v8a__ndk_target_21/opencv/build/CMakeFiles/CheckTypeSize/int32.c:29:12: error: use of undeclared identifier 'INT32'
  ('0' + ((SIZE / 10000)%10)),
           ^
/home/souranil/Source-Code/Final_Year_Project/Codebase/Android_application/.buildozer/android/platform/build-arm64-v8a_armeabi-v7a/build/other_builds/opencv/arm64-v8a__ndk_target_21/opencv/build/CMakeFiles/CheckTypeSize/int32.c:27:22: note: expanded from macro 'SIZE'
#define SIZE (sizeof(INT32))
                     ^
/home/souranil/Source-Code/Final_Year_Project/Codebase/Android_application/.buildozer/android/platform/build-arm64-v8a_armeabi-v7a/build/other_builds/opencv/arm64-v8a__ndk_target_21/opencv/build/CMakeFiles/CheckTypeSize/int32.c:30:12: error: use of undeclared identifier 'INT32'
  ('0' + ((SIZE / 1000)%10)),
           ^
/home/souranil/Source-Code/Final_Year_Project/Codebase/Android_application/.buildozer/android/platform/build-arm64-v8a_armeabi-v7a/build/other_builds/opencv/arm64-v8a__ndk_target_21/opencv/build/CMakeFiles/CheckTypeSize/int32.c:27:22: note: expanded from macro 'SIZE'
#define SIZE (sizeof(INT32))
                     ^
/home/souranil/Source-Code/Final_Year_Project/Codebase/Android_application/.buildozer/android/platform/build-arm64-v8a_armeabi-v7a/build/other_builds/opencv/arm64-v8a__ndk_target_21/opencv/build/CMakeFiles/CheckTypeSize/int32.c:31:12: error: use of undeclared identifier 'INT32'
  ('0' + ((SIZE / 100)%10)),
           ^
/home/souranil/Source-Code/Final_Year_Project/Codebase/Android_application/.buildozer/android/platform/build-arm64-v8a_armeabi-v7a/build/other_builds/opencv/arm64-v8a__ndk_target_21/opencv/build/CMakeFiles/CheckTypeSize/int32.c:27:22: note: expanded from macro 'SIZE'
#define SIZE (sizeof(INT32))
                     ^
/home/souranil/Source-Code/Final_Year_Project/Codebase/Android_application/.buildozer/android/platform/build-arm64-v8a_armeabi-v7a/build/other_builds/opencv/arm64-v8a__ndk_target_21/opencv/build/CMakeFiles/CheckTypeSize/int32.c:32:12: error: use of undeclared identifier 'INT32'
  ('0' + ((SIZE / 10)%10)),
           ^
/home/souranil/Source-Code/Final_Year_Project/Codebase/Android_application/.buildozer/android/platform/build-arm64-v8a_armeabi-v7a/build/other_builds/opencv/arm64-v8a__ndk_target_21/opencv/build/CMakeFiles/CheckTypeSize/int32.c:27:22: note: expanded from macro 'SIZE'
#define SIZE (sizeof(INT32))
                     ^
/home/souranil/Source-Code/Final_Year_Project/Codebase/Android_application/.buildozer/android/platform/build-arm64-v8a_armeabi-v7a/build/other_builds/opencv/arm64-v8a__ndk_target_21/opencv/build/CMakeFiles/CheckTypeSize/int32.c:33:12: error: use of undeclared identifier 'INT32'
  ('0' +  (SIZE    % 10)),
           ^
/home/souranil/Source-Code/Final_Year_Project/Codebase/Android_application/.buildozer/android/platform/build-arm64-v8a_armeabi-v7a/build/other_builds/opencv/arm64-v8a__ndk_target_21/opencv/build/CMakeFiles/CheckTypeSize/int32.c:27:22: note: expanded from macro 'SIZE'
#define SIZE (sizeof(INT32))
                     ^
5 errors generated.
make[1]: *** [CMakeFiles/cmTC_40b2c.dir/build.make:79: CMakeFiles/cmTC_40b2c.dir/int32.c.o] Error 1
make[1]: Leaving directory '/home/souranil/Source-Code/Final_Year_Project/Codebase/Android_application/.buildozer/android/platform/build-arm64-v8a_armeabi-v7a/build/other_builds/opencv/arm64-v8a__ndk_target_21/opencv/build/CMakeFiles/CMakeTmp'
gmake: *** [Makefile:127: cmTC_40b2c/fast] Error 2


/home/souranil/Source-Code/Final_Year_Project/Codebase/Android_application/.buildozer/android/platform/build-arm64-v8a_armeabi-v7a/build/other_builds/opencv/arm64-v8a__ndk_target_21/opencv/build/CMakeFiles/CheckTypeSize/int32.c:
#include <sys/types.h>
#include <stdint.h>
#include <stddef.h>


#undef KEY
#if defined(__i386)
# define KEY '_','_','i','3','8','6'
#elif defined(__x86_64)
# define KEY '_','_','x','8','6','_','6','4'
#elif defined(__PPC64__)
# define KEY '_','_','P','P','C','6','4','_','_'
#elif defined(__ppc64__)
# define KEY '_','_','p','p','c','6','4','_','_'
#elif defined(__PPC__)
# define KEY '_','_','P','P','C','_','_'
#elif defined(__ppc__)
# define KEY '_','_','p','p','c','_','_'
#elif defined(__aarch64__)
# define KEY '_','_','a','a','r','c','h','6','4','_','_'
#elif defined(__ARM_ARCH_7A__)
# define KEY '_','_','A','R','M','_','A','R','C','H','_','7','A','_','_'
#elif defined(__ARM_ARCH_7S__)
# define KEY '_','_','A','R','M','_','A','R','C','H','_','7','S','_','_'
#endif

#define SIZE (sizeof(INT32))
static char info_size[] =  {'I', 'N', 'F', 'O', ':', 's','i','z','e','[',
  ('0' + ((SIZE / 10000)%10)),
  ('0' + ((SIZE / 1000)%10)),
  ('0' + ((SIZE / 100)%10)),
  ('0' + ((SIZE / 10)%10)),
  ('0' +  (SIZE    % 10)),
  ']',
#ifdef KEY
  ' ','k','e','y','[', KEY, ']',
#endif
  '\0'};

#ifdef __CLASSIC_C__
int main(argc, argv) int argc; char *argv[];
#else
int main(int argc, char *argv[])
#endif
{
  int require = 0;
  require += info_size[argc];
  (void)argv;
  return require;
}


Determining if the function setmode exists failed with the following output:
Change Dir: /home/souranil/Source-Code/Final_Year_Project/Codebase/Android_application/.buildozer/android/platform/build-arm64-v8a_armeabi-v7a/build/other_builds/opencv/arm64-v8a__ndk_target_21/opencv/build/CMakeFiles/CMakeTmp

Run Build Command(s):/usr/bin/gmake -f Makefile cmTC_cbf1d/fast && make -j16  -f CMakeFiles/cmTC_cbf1d.dir/build.make CMakeFiles/cmTC_cbf1d.dir/build
make[1]: Entering directory '/home/souranil/Source-Code/Final_Year_Project/Codebase/Android_application/.buildozer/android/platform/build-arm64-v8a_armeabi-v7a/build/other_builds/opencv/arm64-v8a__ndk_target_21/opencv/build/CMakeFiles/CMakeTmp'
Building C object CMakeFiles/cmTC_cbf1d.dir/CheckFunctionExists.c.o
/home/souranil/.buildozer/android/platform/android-ndk-r25b/toolchains/llvm/prebuilt/linux-x86_64/bin/clang --target=aarch64-none-linux-android21 --sysroot=/home/souranil/.buildozer/android/platform/android-ndk-r25b/toolchains/llvm/prebuilt/linux-x86_64/sysroot   -g -DANDROID -fdata-sections -ffunction-sections -funwind-tables -fstack-protector-strong -no-canonical-prefixes -D_FORTIFY_SOURCE=2 -Wformat -Werror=format-security    -fsigned-char -W -Wall -Werror=return-type -Werror=non-virtual-dtor -Werror=address -Werror=sequence-point -Wformat -Werror=format-security -Wmissing-declarations -Wmissing-prototypes -Wstrict-prototypes -Wundef -Winit-self -Wpointer-arith -Wshadow -Wsign-promo -Wuninitialized -Winconsistent-missing-override -Wno-delete-non-virtual-dtor -Wno-unnamed-type-template-args -Wno-comment -Wno-deprecated-enum-enum-conversion -Wno-deprecated-anon-enum-enum-conversion -fdiagnostics-show-option -Qunused-arguments -ffunction-sections -fdata-sections    -fvisibility=hidden -fvisibility-inlines-hidden -DCHECK_FUNCTION_EXISTS=setmode -O3 -DNDEBUG   -DNDEBUG -fPIE -MD -MT CMakeFiles/cmTC_cbf1d.dir/CheckFunctionExists.c.o -MF CMakeFiles/cmTC_cbf1d.dir/CheckFunctionExists.c.o.d -o CMakeFiles/cmTC_cbf1d.dir/CheckFunctionExists.c.o -c /usr/share/cmake-3.22/Modules/CheckFunctionExists.c
Linking C executable cmTC_cbf1d
/usr/bin/cmake -E cmake_link_script CMakeFiles/cmTC_cbf1d.dir/link.txt --verbose=1
/home/souranil/.buildozer/android/platform/android-ndk-r25b/toolchains/llvm/prebuilt/linux-x86_64/bin/clang --target=aarch64-none-linux-android21 --sysroot=/home/souranil/.buildozer/android/platform/android-ndk-r25b/toolchains/llvm/prebuilt/linux-x86_64/sysroot -g -DANDROID -fdata-sections -ffunction-sections -funwind-tables -fstack-protector-strong -no-canonical-prefixes -D_FORTIFY_SOURCE=2 -Wformat -Werror=format-security    -fsigned-char -W -Wall -Werror=return-type -Werror=non-virtual-dtor -Werror=address -Werror=sequence-point -Wformat -Werror=format-security -Wmissing-declarations -Wmissing-prototypes -Wstrict-prototypes -Wundef -Winit-self -Wpointer-arith -Wshadow -Wsign-promo -Wuninitialized -Winconsistent-missing-override -Wno-delete-non-virtual-dtor -Wno-unnamed-type-template-args -Wno-comment -Wno-deprecated-enum-enum-conversion -Wno-deprecated-anon-enum-enum-conversion -fdiagnostics-show-option -Qunused-arguments -ffunction-sections -fdata-sections    -fvisibility=hidden -fvisibility-inlines-hidden -DCHECK_FUNCTION_EXISTS=setmode -O3 -DNDEBUG   -DNDEBUG -static-libstdc++ -Wl,--build-id=sha1 -Wl,--no-rosegment -Wl,--fatal-warnings -Wl,--gc-sections -Wl,--no-undefined -Qunused-arguments -Wl,--gc-sections   -Wl,--gc-sections -Wl,--as-needed  CMakeFiles/cmTC_cbf1d.dir/CheckFunctionExists.c.o -o cmTC_cbf1d  -latomic -lm 
ld: error: undefined symbol: setmode
>>> referenced by CheckFunctionExists.c:17 (/usr/share/cmake-3.22/Modules/CheckFunctionExists.c:17)
>>>               CMakeFiles/cmTC_cbf1d.dir/CheckFunctionExists.c.o:(main)
clang: error: linker command failed with exit code 1 (use -v to see invocation)
make[1]: *** [CMakeFiles/cmTC_cbf1d.dir/build.make:100: cmTC_cbf1d] Error 1
make[1]: Leaving directory '/home/souranil/Source-Code/Final_Year_Project/Codebase/Android_application/.buildozer/android/platform/build-arm64-v8a_armeabi-v7a/build/other_builds/opencv/arm64-v8a__ndk_target_21/opencv/build/CMakeFiles/CMakeTmp'
gmake: *** [Makefile:127: cmTC_cbf1d/fast] Error 2



Build output check failed:
    Regex: 'unknown .*option'
    Output line: 'warning: unknown warning option '-Wno-maybe-uninitialized', did you mean '-Wno-uninitialized'? [-Wunknown-warning-option]'
Compilation failed:
    source file: '/home/souranil/Source-Code/Final_Year_Project/Codebase/Android_application/.buildozer/android/platform/build-arm64-v8a_armeabi-v7a/build/other_builds/opencv/arm64-v8a__ndk_target_21/opencv/build/CMakeFiles/CMakeTmp/src.c'
    check option: ' -Wno-maybe-uninitialized'
===== BUILD LOG =====
Change Dir: /home/souranil/Source-Code/Final_Year_Project/Codebase/Android_application/.buildozer/android/platform/build-arm64-v8a_armeabi-v7a/build/other_builds/opencv/arm64-v8a__ndk_target_21/opencv/build/CMakeFiles/CMakeTmp

Run Build Command(s):/usr/bin/gmake -f Makefile cmTC_2ada2/fast && make -j16  -f CMakeFiles/cmTC_2ada2.dir/build.make CMakeFiles/cmTC_2ada2.dir/build
make[1]: Entering directory '/home/souranil/Source-Code/Final_Year_Project/Codebase/Android_application/.buildozer/android/platform/build-arm64-v8a_armeabi-v7a/build/other_builds/opencv/arm64-v8a__ndk_target_21/opencv/build/CMakeFiles/CMakeTmp'
Building C object CMakeFiles/cmTC_2ada2.dir/src.c.o
/home/souranil/.buildozer/android/platform/android-ndk-r25b/toolchains/llvm/prebuilt/linux-x86_64/bin/clang --target=aarch64-none-linux-android21 --sysroot=/home/souranil/.buildozer/android/platform/android-ndk-r25b/toolchains/llvm/prebuilt/linux-x86_64/sysroot   -g -DANDROID -fdata-sections -ffunction-sections -funwind-tables -fstack-protector-strong -no-canonical-prefixes -D_FORTIFY_SOURCE=2 -Wformat -Werror=format-security    -fsigned-char -W -Wall -Werror=return-type -Werror=non-virtual-dtor -Werror=address -Werror=sequence-point -Wformat -Werror=format-security -Wstrict-prototypes -Winit-self -Wpointer-arith -Wsign-promo -Wuninitialized -Winconsistent-missing-override -Wno-delete-non-virtual-dtor -Wno-unnamed-type-template-args -Wno-comment -Wno-deprecated-enum-enum-conversion -Wno-deprecated-anon-enum-enum-conversion -fdiagnostics-show-option -Qunused-arguments -ffunction-sections -fdata-sections    -fvisibility=hidden -fvisibility-inlines-hidden -Wno-unused-but-set-variable -Wno-missing-prototypes -Wno-missing-declarations -Wno-undef -Wno-unused -Wno-sign-compare -Wno-cast-align -Wno-shadow  -O3 -DNDEBUG   -DNDEBUG -fPIE    -Wno-maybe-uninitialized -MD -MT CMakeFiles/cmTC_2ada2.dir/src.c.o -MF CMakeFiles/cmTC_2ada2.dir/src.c.o.d -o CMakeFiles/cmTC_2ada2.dir/src.c.o -c /home/souranil/Source-Code/Final_Year_Project/Codebase/Android_application/.buildozer/android/platform/build-arm64-v8a_armeabi-v7a/build/other_builds/opencv/arm64-v8a__ndk_target_21/opencv/build/CMakeFiles/CMakeTmp/src.c
warning: unknown warning option '-Wno-maybe-uninitialized'; did you mean '-Wno-uninitialized'? [-Wunknown-warning-option]
/home/souranil/Source-Code/Final_Year_Project/Codebase/Android_application/.buildozer/android/platform/build-arm64-v8a_armeabi-v7a/build/other_builds/opencv/arm64-v8a__ndk_target_21/opencv/build/CMakeFiles/CMakeTmp/src.c:1:8: warning: unknown pragma ignored [-Wunknown-pragmas]
#pragma
       ^
2 warnings generated.
Linking C executable cmTC_2ada2
/usr/bin/cmake -E cmake_link_script CMakeFiles/cmTC_2ada2.dir/link.txt --verbose=1
/home/souranil/.buildozer/android/platform/android-ndk-r25b/toolchains/llvm/prebuilt/linux-x86_64/bin/clang --target=aarch64-none-linux-android21 --sysroot=/home/souranil/.buildozer/android/platform/android-ndk-r25b/toolchains/llvm/prebuilt/linux-x86_64/sysroot -g -DANDROID -fdata-sections -ffunction-sections -funwind-tables -fstack-protector-strong -no-canonical-prefixes -D_FORTIFY_SOURCE=2 -Wformat -Werror=format-security    -fsigned-char -W -Wall -Werror=return-type -Werror=non-virtual-dtor -Werror=address -Werror=sequence-point -Wformat -Werror=format-security -Wstrict-prototypes -Winit-self -Wpointer-arith -Wsign-promo -Wuninitialized -Winconsistent-missing-override -Wno-delete-non-virtual-dtor -Wno-unnamed-type-template-args -Wno-comment -Wno-deprecated-enum-enum-conversion -Wno-deprecated-anon-enum-enum-conversion -fdiagnostics-show-option -Qunused-arguments -ffunction-sections -fdata-sections    -fvisibility=hidden -fvisibility-inlines-hidden -Wno-unused-but-set-variable -Wno-missing-prototypes -Wno-missing-declarations -Wno-undef -Wno-unused -Wno-sign-compare -Wno-cast-align -Wno-shadow  -O3 -DNDEBUG   -DNDEBUG -static-libstdc++ -Wl,--build-id=sha1 -Wl,--no-rosegment -Wl,--fatal-warnings -Wl,--gc-sections -Wl,--no-undefined -Qunused-arguments -Wl,--gc-sections   -Wl,--gc-sections -Wl,--as-needed  CMakeFiles/cmTC_2ada2.dir/src.c.o -o cmTC_2ada2  -latomic -lm 
make[1]: Leaving directory '/home/souranil/Source-Code/Final_Year_Project/Codebase/Android_application/.buildozer/android/platform/build-arm64-v8a_armeabi-v7a/build/other_builds/opencv/arm64-v8a__ndk_target_21/opencv/build/CMakeFiles/CMakeTmp'


===== END =====

Determining if the _aligned_malloc exist failed with the following output:
Change Dir: /home/souranil/Source-Code/Final_Year_Project/Codebase/Android_application/.buildozer/android/platform/build-arm64-v8a_armeabi-v7a/build/other_builds/opencv/arm64-v8a__ndk_target_21/opencv/build/CMakeFiles/CMakeTmp

Run Build Command(s):/usr/bin/gmake -f Makefile cmTC_d78c5/fast && make -j16  -f CMakeFiles/cmTC_d78c5.dir/build.make CMakeFiles/cmTC_d78c5.dir/build
make[1]: Entering directory '/home/souranil/Source-Code/Final_Year_Project/Codebase/Android_application/.buildozer/android/platform/build-arm64-v8a_armeabi-v7a/build/other_builds/opencv/arm64-v8a__ndk_target_21/opencv/build/CMakeFiles/CMakeTmp'
Building C object CMakeFiles/cmTC_d78c5.dir/CheckSymbolExists.c.o
/home/souranil/.buildozer/android/platform/android-ndk-r25b/toolchains/llvm/prebuilt/linux-x86_64/bin/clang --target=aarch64-none-linux-android21 --sysroot=/home/souranil/.buildozer/android/platform/android-ndk-r25b/toolchains/llvm/prebuilt/linux-x86_64/sysroot   -g -DANDROID -fdata-sections -ffunction-sections -funwind-tables -fstack-protector-strong -no-canonical-prefixes -D_FORTIFY_SOURCE=2 -Wformat    -fsigned-char -W -Wall    -Wformat -Wmissing-declarations -Wmissing-prototypes -Wstrict-prototypes -Wundef -Winit-self -Wpointer-arith -Wshadow -Wsign-promo -Wuninitialized -Winconsistent-missing-override -Wno-delete-non-virtual-dtor -Wno-unnamed-type-template-args -Wno-comment -Wno-deprecated-enum-enum-conversion -Wno-deprecated-anon-enum-enum-conversion -fdiagnostics-show-option -Qunused-arguments -ffunction-sections -fdata-sections    -fvisibility=hidden -fvisibility-inlines-hidden -Wno-implicit-const-int-float-conversion  -O3 -DNDEBUG   -DNDEBUG -fPIE -MD -MT CMakeFiles/cmTC_d78c5.dir/CheckSymbolExists.c.o -MF CMakeFiles/cmTC_d78c5.dir/CheckSymbolExists.c.o.d -o CMakeFiles/cmTC_d78c5.dir/CheckSymbolExists.c.o -c /home/souranil/Source-Code/Final_Year_Project/Codebase/Android_application/.buildozer/android/platform/build-arm64-v8a_armeabi-v7a/build/other_builds/opencv/arm64-v8a__ndk_target_21/opencv/build/CMakeFiles/CMakeTmp/CheckSymbolExists.c
/home/souranil/Source-Code/Final_Year_Project/Codebase/Android_application/.buildozer/android/platform/build-arm64-v8a_armeabi-v7a/build/other_builds/opencv/arm64-v8a__ndk_target_21/opencv/build/CMakeFiles/CMakeTmp/CheckSymbolExists.c:8:19: error: use of undeclared identifier '_aligned_malloc'
  return ((int*)(&_aligned_malloc))[argc];
                  ^
1 error generated.
make[1]: *** [CMakeFiles/cmTC_d78c5.dir/build.make:79: CMakeFiles/cmTC_d78c5.dir/CheckSymbolExists.c.o] Error 1
make[1]: Leaving directory '/home/souranil/Source-Code/Final_Year_Project/Codebase/Android_application/.buildozer/android/platform/build-arm64-v8a_armeabi-v7a/build/other_builds/opencv/arm64-v8a__ndk_target_21/opencv/build/CMakeFiles/CMakeTmp'
gmake: *** [Makefile:127: cmTC_d78c5/fast] Error 2


File /home/souranil/Source-Code/Final_Year_Project/Codebase/Android_application/.buildozer/android/platform/build-arm64-v8a_armeabi-v7a/build/other_builds/opencv/arm64-v8a__ndk_target_21/opencv/build/CMakeFiles/CMakeTmp/CheckSymbolExists.c:
/* */
#include <malloc.h>

int main(int argc, char** argv)
{
  (void)argv;
#ifndef _aligned_malloc
  return ((int*)(&_aligned_malloc))[argc];
#else
  (void)argc;
  return 0;
#endif
}
Performing C SOURCE FILE Test CMAKE_HAVE_LIBC_PTHREAD failed with the following output:
Change Dir: /home/souranil/Source-Code/Final_Year_Project/Codebase/Android_application/.buildozer/android/platform/build-arm64-v8a_armeabi-v7a/build/other_builds/opencv/arm64-v8a__ndk_target_21/opencv/build/CMakeFiles/CMakeTmp

Run Build Command(s):/usr/bin/gmake -f Makefile cmTC_8f11c/fast && make -j16  -f CMakeFiles/cmTC_8f11c.dir/build.make CMakeFiles/cmTC_8f11c.dir/build
make[1]: Entering directory '/home/souranil/Source-Code/Final_Year_Project/Codebase/Android_application/.buildozer/android/platform/build-arm64-v8a_armeabi-v7a/build/other_builds/opencv/arm64-v8a__ndk_target_21/opencv/build/CMakeFiles/CMakeTmp'
Building C object CMakeFiles/cmTC_8f11c.dir/src.c.o
/home/souranil/.buildozer/android/platform/android-ndk-r25b/toolchains/llvm/prebuilt/linux-x86_64/bin/clang --target=aarch64-none-linux-android21 --sysroot=/home/souranil/.buildozer/android/platform/android-ndk-r25b/toolchains/llvm/prebuilt/linux-x86_64/sysroot -DCMAKE_HAVE_LIBC_PTHREAD  -g -DANDROID -fdata-sections -ffunction-sections -funwind-tables -fstack-protector-strong -no-canonical-prefixes -D_FORTIFY_SOURCE=2 -Wformat -Werror=format-security    -fsigned-char -W -Wall -Werror=return-type -Werror=non-virtual-dtor -Werror=address -Werror=sequence-point -Wformat -Werror=format-security -Wmissing-declarations -Wmissing-prototypes -Winit-self -Wpointer-arith -Wshadow -Wsign-promo -Wuninitialized -Winconsistent-missing-override -Wno-delete-non-virtual-dtor -Wno-unnamed-type-template-args -Wno-comment -Wno-deprecated-enum-enum-conversion -Wno-deprecated-anon-enum-enum-conversion -fdiagnostics-show-option -Qunused-arguments -ffunction-sections -fdata-sections    -fvisibility=hidden -fvisibility-inlines-hidden -Wno-implicit-const-int-float-conversion -Wno-undef -Wno-strict-prototypes -Wno-cast-function-type  -O3 -DNDEBUG   -DNDEBUG -fPIE -MD -MT CMakeFiles/cmTC_8f11c.dir/src.c.o -MF CMakeFiles/cmTC_8f11c.dir/src.c.o.d -o CMakeFiles/cmTC_8f11c.dir/src.c.o -c /home/souranil/Source-Code/Final_Year_Project/Codebase/Android_application/.buildozer/android/platform/build-arm64-v8a_armeabi-v7a/build/other_builds/opencv/arm64-v8a__ndk_target_21/opencv/build/CMakeFiles/CMakeTmp/src.c
/home/souranil/Source-Code/Final_Year_Project/Codebase/Android_application/.buildozer/android/platform/build-arm64-v8a_armeabi-v7a/build/other_builds/opencv/arm64-v8a__ndk_target_21/opencv/build/CMakeFiles/CMakeTmp/src.c:13:3: warning: implicit declaration of function 'pthread_cancel' is invalid in C99 [-Wimplicit-function-declaration]
  pthread_cancel(thread);
  ^
1 warning generated.
Linking C executable cmTC_8f11c
/usr/bin/cmake -E cmake_link_script CMakeFiles/cmTC_8f11c.dir/link.txt --verbose=1
/home/souranil/.buildozer/android/platform/android-ndk-r25b/toolchains/llvm/prebuilt/linux-x86_64/bin/clang --target=aarch64-none-linux-android21 --sysroot=/home/souranil/.buildozer/android/platform/android-ndk-r25b/toolchains/llvm/prebuilt/linux-x86_64/sysroot -g -DANDROID -fdata-sections -ffunction-sections -funwind-tables -fstack-protector-strong -no-canonical-prefixes -D_FORTIFY_SOURCE=2 -Wformat -Werror=format-security    -fsigned-char -W -Wall -Werror=return-type -Werror=non-virtual-dtor -Werror=address -Werror=sequence-point -Wformat -Werror=format-security -Wmissing-declarations -Wmissing-prototypes -Winit-self -Wpointer-arith -Wshadow -Wsign-promo -Wuninitialized -Winconsistent-missing-override -Wno-delete-non-virtual-dtor -Wno-unnamed-type-template-args -Wno-comment -Wno-deprecated-enum-enum-conversion -Wno-deprecated-anon-enum-enum-conversion -fdiagnostics-show-option -Qunused-arguments -ffunction-sections -fdata-sections    -fvisibility=hidden -fvisibility-inlines-hidden -Wno-implicit-const-int-float-conversion -Wno-undef -Wno-strict-prototypes -Wno-cast-function-type  -O3 -DNDEBUG   -DNDEBUG -static-libstdc++ -Wl,--build-id=sha1 -Wl,--no-rosegment -Wl,--fatal-warnings -Wl,--gc-sections -Wl,--no-undefined -Qunused-arguments -Wl,--gc-sections   -Wl,--gc-sections -Wl,--as-needed  CMakeFiles/cmTC_8f11c.dir/src.c.o -o cmTC_8f11c  -latomic -lm 
ld: error: undefined symbol: pthread_cancel
>>> referenced by src.c:13
>>>               CMakeFiles/cmTC_8f11c.dir/src.c.o:(main)
clang: error: linker command failed with exit code 1 (use -v to see invocation)
make[1]: *** [CMakeFiles/cmTC_8f11c.dir/build.make:100: cmTC_8f11c] Error 1
make[1]: Leaving directory '/home/souranil/Source-Code/Final_Year_Project/Codebase/Android_application/.buildozer/android/platform/build-arm64-v8a_armeabi-v7a/build/other_builds/opencv/arm64-v8a__ndk_target_21/opencv/build/CMakeFiles/CMakeTmp'
gmake: *** [Makefile:127: cmTC_8f11c/fast] Error 2


Source file was:
#include <pthread.h>

static void* test_func(void* data)
{
  return data;
}

int main(void)
{
  pthread_t thread;
  pthread_create(&thread, NULL, test_func, NULL);
  pthread_detach(thread);
  pthread_cancel(thread);
  pthread_join(thread, NULL);
  pthread_atfork(NULL, NULL, NULL);
  pthread_exit(NULL);

  return 0;
}

Determining if the function pthread_create exists in the pthreads failed with the following output:
Change Dir: /home/souranil/Source-Code/Final_Year_Project/Codebase/Android_application/.buildozer/android/platform/build-arm64-v8a_armeabi-v7a/build/other_builds/opencv/arm64-v8a__ndk_target_21/opencv/build/CMakeFiles/CMakeTmp

Run Build Command(s):/usr/bin/gmake -f Makefile cmTC_8080d/fast && make -j16  -f CMakeFiles/cmTC_8080d.dir/build.make CMakeFiles/cmTC_8080d.dir/build
make[1]: Entering directory '/home/souranil/Source-Code/Final_Year_Project/Codebase/Android_application/.buildozer/android/platform/build-arm64-v8a_armeabi-v7a/build/other_builds/opencv/arm64-v8a__ndk_target_21/opencv/build/CMakeFiles/CMakeTmp'
Building C object CMakeFiles/cmTC_8080d.dir/CheckFunctionExists.c.o
/home/souranil/.buildozer/android/platform/android-ndk-r25b/toolchains/llvm/prebuilt/linux-x86_64/bin/clang --target=aarch64-none-linux-android21 --sysroot=/home/souranil/.buildozer/android/platform/android-ndk-r25b/toolchains/llvm/prebuilt/linux-x86_64/sysroot   -g -DANDROID -fdata-sections -ffunction-sections -funwind-tables -fstack-protector-strong -no-canonical-prefixes -D_FORTIFY_SOURCE=2 -Wformat -Werror=format-security    -fsigned-char -W -Wall -Werror=return-type -Werror=non-virtual-dtor -Werror=address -Werror=sequence-point -Wformat -Werror=format-security -Wmissing-declarations -Wmissing-prototypes -Winit-self -Wpointer-arith -Wshadow -Wsign-promo -Wuninitialized -Winconsistent-missing-override -Wno-delete-non-virtual-dtor -Wno-unnamed-type-template-args -Wno-comment -Wno-deprecated-enum-enum-conversion -Wno-deprecated-anon-enum-enum-conversion -fdiagnostics-show-option -Qunused-arguments -ffunction-sections -fdata-sections    -fvisibility=hidden -fvisibility-inlines-hidden -Wno-implicit-const-int-float-conversion -Wno-undef -Wno-strict-prototypes -Wno-cast-function-type -DCHECK_FUNCTION_EXISTS=pthread_create -O3 -DNDEBUG   -DNDEBUG -fPIE -MD -MT CMakeFiles/cmTC_8080d.dir/CheckFunctionExists.c.o -MF CMakeFiles/cmTC_8080d.dir/CheckFunctionExists.c.o.d -o CMakeFiles/cmTC_8080d.dir/CheckFunctionExists.c.o -c /usr/share/cmake-3.22/Modules/CheckFunctionExists.c
Linking C executable cmTC_8080d
/usr/bin/cmake -E cmake_link_script CMakeFiles/cmTC_8080d.dir/link.txt --verbose=1
/home/souranil/.buildozer/android/platform/android-ndk-r25b/toolchains/llvm/prebuilt/linux-x86_64/bin/clang --target=aarch64-none-linux-android21 --sysroot=/home/souranil/.buildozer/android/platform/android-ndk-r25b/toolchains/llvm/prebuilt/linux-x86_64/sysroot -g -DANDROID -fdata-sections -ffunction-sections -funwind-tables -fstack-protector-strong -no-canonical-prefixes -D_FORTIFY_SOURCE=2 -Wformat -Werror=format-security    -fsigned-char -W -Wall -Werror=return-type -Werror=non-virtual-dtor -Werror=address -Werror=sequence-point -Wformat -Werror=format-security -Wmissing-declarations -Wmissing-prototypes -Winit-self -Wpointer-arith -Wshadow -Wsign-promo -Wuninitialized -Winconsistent-missing-override -Wno-delete-non-virtual-dtor -Wno-unnamed-type-template-args -Wno-comment -Wno-deprecated-enum-enum-conversion -Wno-deprecated-anon-enum-enum-conversion -fdiagnostics-show-option -Qunused-arguments -ffunction-sections -fdata-sections    -fvisibility=hidden -fvisibility-inlines-hidden -Wno-implicit-const-int-float-conversion -Wno-undef -Wno-strict-prototypes -Wno-cast-function-type -DCHECK_FUNCTION_EXISTS=pthread_create -O3 -DNDEBUG   -DNDEBUG -static-libstdc++ -Wl,--build-id=sha1 -Wl,--no-rosegment -Wl,--fatal-warnings -Wl,--gc-sections -Wl,--no-undefined -Qunused-arguments -Wl,--gc-sections   -Wl,--gc-sections -Wl,--as-needed  CMakeFiles/cmTC_8080d.dir/CheckFunctionExists.c.o -o cmTC_8080d  -lpthreads -latomic -lm 
ld: error: unable to find library -lpthreads
clang: error: linker command failed with exit code 1 (use -v to see invocation)
make[1]: *** [CMakeFiles/cmTC_8080d.dir/build.make:100: cmTC_8080d] Error 1
make[1]: Leaving directory '/home/souranil/Source-Code/Final_Year_Project/Codebase/Android_application/.buildozer/android/platform/build-arm64-v8a_armeabi-v7a/build/other_builds/opencv/arm64-v8a__ndk_target_21/opencv/build/CMakeFiles/CMakeTmp'
gmake: *** [Makefile:127: cmTC_8080d/fast] Error 2



Determining if the function pthread_create exists in the pthread failed with the following output:
Change Dir: /home/souranil/Source-Code/Final_Year_Project/Codebase/Android_application/.buildozer/android/platform/build-arm64-v8a_armeabi-v7a/build/other_builds/opencv/arm64-v8a__ndk_target_21/opencv/build/CMakeFiles/CMakeTmp

Run Build Command(s):/usr/bin/gmake -f Makefile cmTC_fe991/fast && make -j16  -f CMakeFiles/cmTC_fe991.dir/build.make CMakeFiles/cmTC_fe991.dir/build
make[1]: Entering directory '/home/souranil/Source-Code/Final_Year_Project/Codebase/Android_application/.buildozer/android/platform/build-arm64-v8a_armeabi-v7a/build/other_builds/opencv/arm64-v8a__ndk_target_21/opencv/build/CMakeFiles/CMakeTmp'
Building C object CMakeFiles/cmTC_fe991.dir/CheckFunctionExists.c.o
/home/souranil/.buildozer/android/platform/android-ndk-r25b/toolchains/llvm/prebuilt/linux-x86_64/bin/clang --target=aarch64-none-linux-android21 --sysroot=/home/souranil/.buildozer/android/platform/android-ndk-r25b/toolchains/llvm/prebuilt/linux-x86_64/sysroot   -g -DANDROID -fdata-sections -ffunction-sections -funwind-tables -fstack-protector-strong -no-canonical-prefixes -D_FORTIFY_SOURCE=2 -Wformat -Werror=format-security    -fsigned-char -W -Wall -Werror=return-type -Werror=non-virtual-dtor -Werror=address -Werror=sequence-point -Wformat -Werror=format-security -Wmissing-declarations -Wmissing-prototypes -Winit-self -Wpointer-arith -Wshadow -Wsign-promo -Wuninitialized -Winconsistent-missing-override -Wno-delete-non-virtual-dtor -Wno-unnamed-type-template-args -Wno-comment -Wno-deprecated-enum-enum-conversion -Wno-deprecated-anon-enum-enum-conversion -fdiagnostics-show-option -Qunused-arguments -ffunction-sections -fdata-sections    -fvisibility=hidden -fvisibility-inlines-hidden -Wno-implicit-const-int-float-conversion -Wno-undef -Wno-strict-prototypes -Wno-cast-function-type -DCHECK_FUNCTION_EXISTS=pthread_create -O3 -DNDEBUG   -DNDEBUG -fPIE -MD -MT CMakeFiles/cmTC_fe991.dir/CheckFunctionExists.c.o -MF CMakeFiles/cmTC_fe991.dir/CheckFunctionExists.c.o.d -o CMakeFiles/cmTC_fe991.dir/CheckFunctionExists.c.o -c /usr/share/cmake-3.22/Modules/CheckFunctionExists.c
Linking C executable cmTC_fe991
/usr/bin/cmake -E cmake_link_script CMakeFiles/cmTC_fe991.dir/link.txt --verbose=1
/home/souranil/.buildozer/android/platform/android-ndk-r25b/toolchains/llvm/prebuilt/linux-x86_64/bin/clang --target=aarch64-none-linux-android21 --sysroot=/home/souranil/.buildozer/android/platform/android-ndk-r25b/toolchains/llvm/prebuilt/linux-x86_64/sysroot -g -DANDROID -fdata-sections -ffunction-sections -funwind-tables -fstack-protector-strong -no-canonical-prefixes -D_FORTIFY_SOURCE=2 -Wformat -Werror=format-security    -fsigned-char -W -Wall -Werror=return-type -Werror=non-virtual-dtor -Werror=address -Werror=sequence-point -Wformat -Werror=format-security -Wmissing-declarations -Wmissing-prototypes -Winit-self -Wpointer-arith -Wshadow -Wsign-promo -Wuninitialized -Winconsistent-missing-override -Wno-delete-non-virtual-dtor -Wno-unnamed-type-template-args -Wno-comment -Wno-deprecated-enum-enum-conversion -Wno-deprecated-anon-enum-enum-conversion -fdiagnostics-show-option -Qunused-arguments -ffunction-sections -fdata-sections    -fvisibility=hidden -fvisibility-inlines-hidden -Wno-implicit-const-int-float-conversion -Wno-undef -Wno-strict-prototypes -Wno-cast-function-type -DCHECK_FUNCTION_EXISTS=pthread_create -O3 -DNDEBUG   -DNDEBUG -static-libstdc++ -Wl,--build-id=sha1 -Wl,--no-rosegment -Wl,--fatal-warnings -Wl,--gc-sections -Wl,--no-undefined -Qunused-arguments -Wl,--gc-sections   -Wl,--gc-sections -Wl,--as-needed  CMakeFiles/cmTC_fe991.dir/CheckFunctionExists.c.o -o cmTC_fe991  -lpthread -latomic -lm 
ld: error: unable to find library -lpthread
clang: error: linker command failed with exit code 1 (use -v to see invocation)
make[1]: *** [CMakeFiles/cmTC_fe991.dir/build.make:100: cmTC_fe991] Error 1
make[1]: Leaving directory '/home/souranil/Source-Code/Final_Year_Project/Codebase/Android_application/.buildozer/android/platform/build-arm64-v8a_armeabi-v7a/build/other_builds/opencv/arm64-v8a__ndk_target_21/opencv/build/CMakeFiles/CMakeTmp'
gmake: *** [Makefile:127: cmTC_fe991/fast] Error 2



